Respire/app/build/outputs/logs/manifest-merger-debug-report.txt
-- Merging decision tree log ---
manifest
ADDED from src/main/AndroidManifest.xml:2:1-235:12
	package
		ADDED from src/main/AndroidManifest.xml:3:5-37
		INJECTED from src/main/AndroidManifest.xml
		INJECTED from src/main/AndroidManifest.xml
	android:versionName
		INJECTED from src/main/AndroidManifest.xml
		INJECTED from src/main/AndroidManifest.xml
	xmlns:android
		ADDED from src/main/AndroidManifest.xml:2:11-69
	android:versionCode
		INJECTED from src/main/AndroidManifest.xml
		INJECTED from src/main/AndroidManifest.xml
uses-permission#android.permission.RECORD_AUDIO
ADDED from src/main/AndroidManifest.xml:5:5-71
	android:name
		ADDED from src/main/AndroidManifest.xml:5:22-68
uses-permission#android.permission.READ_LOGS
ADDED from src/main/AndroidManifest.xml:6:5-68
	android:name
		ADDED from src/main/AndroidManifest.xml:6:22-65
uses-permission#android.permission.RECEIVE_BOOT_COMPLETED
ADDED from src/main/AndroidManifest.xml:7:5-81
	android:name
		ADDED from src/main/AndroidManifest.xml:7:22-78
uses-permission#android.permission.VIBRATE
ADDED from src/main/AndroidManifest.xml:8:5-66
	android:name
		ADDED from src/main/AndroidManifest.xml:8:22-63
uses-permission#android.permission.WRITE_EXTERNAL_STORAGE
ADDED from src/main/AndroidManifest.xml:9:5-81
	android:name
		ADDED from src/main/AndroidManifest.xml:9:22-78
uses-permission#android.permission.READ_EXTERNAL_STORAGE
ADDED from src/main/AndroidManifest.xml:10:5-80
	android:name
		ADDED from src/main/AndroidManifest.xml:10:22-77
uses-permission#android.permission.READ_PHONE_STATE
ADDED from src/main/AndroidManifest.xml:11:5-75
	android:name
		ADDED from src/main/AndroidManifest.xml:11:22-72
uses-permission#android.permission.CAMERA
ADDED from src/main/AndroidManifest.xml:12:5-65
	android:name
		ADDED from src/main/AndroidManifest.xml:12:22-62
uses-permission#android.permission.WRITE_SETTINGS
ADDED from src/main/AndroidManifest.xml:13:5-73
	android:name
		ADDED from src/main/AndroidManifest.xml:13:22-70
uses-permission#com.android.launcher.permission.READ_SETTINGS
ADDED from src/main/AndroidManifest.xml:14:5-85
	android:name
		ADDED from src/main/AndroidManifest.xml:14:22-82
uses-permission#android.permission.INTERNET
ADDED from src/main/AndroidManifest.xml:15:5-67
	android:name
		ADDED from src/main/AndroidManifest.xml:15:22-64
uses-permission#android.permission.ACCESS_COARSE_LOCATION
ADDED from src/main/AndroidManifest.xml:18:5-81
	android:name
		ADDED from src/main/AndroidManifest.xml:18:22-78
uses-permission#android.permission.ACCESS_FINE_LOCATION
ADDED from src/main/AndroidManifest.xml:20:5-79
	android:name
		ADDED from src/main/AndroidManifest.xml:20:22-76
uses-permission#android.permission.ACCESS_WIFI_STATE
ADDED from src/main/AndroidManifest.xml:22:5-76
	android:name
		ADDED from src/main/AndroidManifest.xml:22:22-73
uses-permission#android.permission.ACCESS_NETWORK_STATE
ADDED from src/main/AndroidManifest.xml:24:5-79
	android:name
		ADDED from src/main/AndroidManifest.xml:24:22-76
uses-permission#android.permission.BLUETOOTH
ADDED from src/main/AndroidManifest.xml:29:5-68
	android:name
		ADDED from src/main/AndroidManifest.xml:29:22-65
uses-permission#android.permission.BLUETOOTH_ADMIN
ADDED from src/main/AndroidManifest.xml:30:5-74
	android:name
		ADDED from src/main/AndroidManifest.xml:30:22-71
permission#com.yuntongxun.ecdemo.permission.RECEIVE_MSG
ADDED from src/main/AndroidManifest.xml:33:5-35:47
	android:protectionLevel
		ADDED from src/main/AndroidManifest.xml:35:9-44
	android:name
		ADDED from src/main/AndroidManifest.xml:34:9-68
permission#com.yuntongxun.ecdemo.permission.INCOMING_CALL
ADDED from src/main/AndroidManifest.xml:36:5-38:47
	android:protectionLevel
		ADDED from src/main/AndroidManifest.xml:38:9-44
	android:name
		ADDED from src/main/AndroidManifest.xml:37:9-70
uses-permission#com.yuntongxun.ecdemo.permission.RECEIVE_MSG
ADDED from src/main/AndroidManifest.xml:40:5-84
	android:name
		ADDED from src/main/AndroidManifest.xml:40:22-81
uses-permission#com.yuntongxun.ecdemo.permission.INCOMING_CALL
ADDED from src/main/AndroidManifest.xml:42:5-86
	android:name
		ADDED from src/main/AndroidManifest.xml:42:22-83
uses-permission#android.permission.GET_TASKS
ADDED from src/main/AndroidManifest.xml:56:5-68
	android:name
		ADDED from src/main/AndroidManifest.xml:56:22-65
uses-permission#android.permission.MODIFY_AUDIO_SETTINGS
ADDED from src/main/AndroidManifest.xml:60:5-80
	android:name
		ADDED from src/main/AndroidManifest.xml:60:22-77
uses-permission#android.permission.WAKE_LOCK
ADDED from src/main/AndroidManifest.xml:62:5-68
	android:name
		ADDED from src/main/AndroidManifest.xml:62:22-65
service#com.yuntongxun.ecsdk.ECClientService
ADDED from src/main/AndroidManifest.xml:66:5-69:35
	android:enabled
		ADDED from src/main/AndroidManifest.xml:68:9-31
	android:process
		ADDED from src/main/AndroidManifest.xml:69:9-32
	android:name
		ADDED from src/main/AndroidManifest.xml:67:9-60
receiver#com.yuntongxun.ecsdk.booter.CCPReceivers$AlarmReceiver
ADDED from src/main/AndroidManifest.xml:71:5-73:35
	android:process
		ADDED from src/main/AndroidManifest.xml:73:9-32
	android:name
		ADDED from src/main/AndroidManifest.xml:72:9-78
receiver#com.yuntongxun.ecsdk.booter.Alarm
ADDED from src/main/AndroidManifest.xml:75:5-78:35
	android:process
		ADDED from src/main/AndroidManifest.xml:78:9-32
	android:exported
		ADDED from src/main/AndroidManifest.xml:77:9-33
	android:name
		ADDED from src/main/AndroidManifest.xml:76:9-57
receiver#com.yuntongxun.ecsdk.booter.CCPReceivers$ConnectionReceiver
ADDED from src/main/AndroidManifest.xml:80:5-86:16
	android:process
		ADDED from src/main/AndroidManifest.xml:82:9-32
	android:name
		ADDED from src/main/AndroidManifest.xml:81:9-83
intent-filter#android.net.conn.CONNECTIVITY_CHANGE
ADDED from src/main/AndroidManifest.xml:83:9-85:25
action#android.net.conn.CONNECTIVITY_CHANGE
ADDED from src/main/AndroidManifest.xml:84:13-75
	android:name
		ADDED from src/main/AndroidManifest.xml:84:21-72
receiver#com.yuntongxun.ecsdk.booter.CCPReceivers$BootReceiver
ADDED from src/main/AndroidManifest.xml:89:5-95:16
	android:process
		ADDED from src/main/AndroidManifest.xml:91:9-32
	android:name
		ADDED from src/main/AndroidManifest.xml:90:9-77
intent-filter#android.intent.action.BOOT_COMPLETED
ADDED from src/main/AndroidManifest.xml:92:9-94:25
action#android.intent.action.BOOT_COMPLETED
ADDED from src/main/AndroidManifest.xml:93:13-75
	android:name
		ADDED from src/main/AndroidManifest.xml:93:21-72
receiver#com.example.respireapp.service.YuntxNotifyReceiver
ADDED from src/main/AndroidManifest.xml:109:5-120:16
	android:exported
		ADDED from src/main/AndroidManifest.xml:111:9-33
	android:name
		ADDED from src/main/AndroidManifest.xml:110:9-52
intent-filter#com.yuntongxun.ecdemo.action.MESSAGE+com.yuntongxun.ecdemo.action.NOTIFICATION_CLICK+com.yuntongxun.ecdemo.action.PERSON_VERSION+com.yuntongxun.ecdemo.action.VOIP_CALL
ADDED from src/main/AndroidManifest.xml:112:9-119:25
action#com.yuntongxun.ecdemo.action.VOIP_CALL
ADDED from src/main/AndroidManifest.xml:115:13-77
	android:name
		ADDED from src/main/AndroidManifest.xml:115:21-74
action#com.yuntongxun.ecdemo.action.MESSAGE
ADDED from src/main/AndroidManifest.xml:116:13-75
	android:name
		ADDED from src/main/AndroidManifest.xml:116:21-72
action#com.yuntongxun.ecdemo.action.NOTIFICATION_CLICK
ADDED from src/main/AndroidManifest.xml:117:13-86
	android:name
		ADDED from src/main/AndroidManifest.xml:117:21-83
action#com.yuntongxun.ecdemo.action.PERSON_VERSION
ADDED from src/main/AndroidManifest.xml:118:13-82
	android:name
		ADDED from src/main/AndroidManifest.xml:118:21-79
application
ADDED from src/main/AndroidManifest.xml:123:5-233:19
MERGED from [com.android.support:appcompat-v7:23.4.0] AndroidManifest.xml:25:5-20
MERGED from [com.android.support:animated-vector-drawable:23.4.0] AndroidManifest.xml:7:5-20
MERGED from [com.android.support:support-vector-drawable:23.4.0] AndroidManifest.xml:7:5-20
MERGED from [com.android.support:support-v4:23.4.0] AndroidManifest.xml:22:5-20
MERGED from [com.android.support:support-v4:23.4.0] AndroidManifest.xml:22:5-20
MERGED from [com.android.support:support-vector-drawable:23.4.0] AndroidManifest.xml:7:5-20
MERGED from [com.android.support:support-v4:23.4.0] AndroidManifest.xml:22:5-20
MERGED from [Respire:leanchatlib:unspecified] AndroidManifest.xml:11:5-15:19
MERGED from [com.android.support:support-v4:23.4.0] AndroidManifest.xml:22:5-20
MERGED from [com.android.support:support-v4:23.4.0] AndroidManifest.xml:22:5-20
MERGED from [com.android.support:appcompat-v7:23.4.0] AndroidManifest.xml:25:5-20
MERGED from [com.android.support:animated-vector-drawable:23.4.0] AndroidManifest.xml:7:5-20
MERGED from [com.android.support:support-vector-drawable:23.4.0] AndroidManifest.xml:7:5-20
MERGED from [com.android.support:support-v4:23.4.0] AndroidManifest.xml:22:5-20
MERGED from [com.android.support:support-v4:23.4.0] AndroidManifest.xml:22:5-20
MERGED from [com.android.support:support-vector-drawable:23.4.0] AndroidManifest.xml:7:5-20
MERGED from [com.android.support:support-v4:23.4.0] AndroidManifest.xml:22:5-20
MERGED from [com.android.support:support-v4:23.4.0] AndroidManifest.xml:22:5-20
MERGED from [com.android.support:design:22.2.0] AndroidManifest.xml:22:5-20
MERGED from [com.android.support:appcompat-v7:23.4.0] AndroidManifest.xml:25:5-20
MERGED from [com.android.support:animated-vector-drawable:23.4.0] AndroidManifest.xml:7:5-20
MERGED from [com.android.support:support-vector-drawable:23.4.0] AndroidManifest.xml:7:5-20
MERGED from [com.android.support:support-v4:23.4.0] AndroidManifest.xml:22:5-20
MERGED from [com.android.support:support-v4:23.4.0] AndroidManifest.xml:22:5-20
MERGED from [com.android.support:support-vector-drawable:23.4.0] AndroidManifest.xml:7:5-20
MERGED from [com.android.support:support-v4:23.4.0] AndroidManifest.xml:22:5-20
MERGED from [com.android.support:support-v4:23.4.0] AndroidManifest.xml:22:5-20
MERGED from [com.google.android.gms:play-services-appindexing:8.1.0] AndroidManifest.xml:19:5-20
MERGED from [com.google.android.gms:play-services-basement:8.1.0] AndroidManifest.xml:20:5-24:19
MERGED from [com.android.support:support-v4:23.4.0] AndroidManifest.xml:22:5-20
	android:label
		ADDED from src/main/AndroidManifest.xml:128:9-41
	android:supportsRtl
		ADDED from src/main/AndroidManifest.xml:130:9-35
	android:hardwareAccelerated
		ADDED from src/main/AndroidManifest.xml:126:9-44
	android:allowBackup
		ADDED from src/main/AndroidManifest.xml:125:9-35
	android:icon
		ADDED from src/main/AndroidManifest.xml:127:9-39
	android:largeHeap
		ADDED from src/main/AndroidManifest.xml:129:9-33
	android:theme
		ADDED from src/main/AndroidManifest.xml:131:9-40
	android:name
		ADDED from src/main/AndroidManifest.xml:124:9-37
meta-data#com.baidu.lbsapi.API_KEY
ADDED from src/main/AndroidManifest.xml:132:9-134:64
	android:value
		ADDED from src/main/AndroidManifest.xml:134:13-61
	android:name
		ADDED from src/main/AndroidManifest.xml:133:13-52
activity#com.example.respireapp.Activity.LoginActivity
ADDED from src/main/AndroidManifest.xml:136:9-142:20
	android:name
		ADDED from src/main/AndroidManifest.xml:136:19-57
intent-filter#android.intent.action.MAIN+android.intent.category.LAUNCHER
ADDED from src/main/AndroidManifest.xml:137:13-141:29
action#android.intent.action.MAIN
ADDED from src/main/AndroidManifest.xml:138:17-69
	android:name
		ADDED from src/main/AndroidManifest.xml:138:25-66
category#android.intent.category.LAUNCHER
ADDED from src/main/AndroidManifest.xml:140:17-77
	android:name
		ADDED from src/main/AndroidManifest.xml:140:27-74
activity#com.example.respireapp.Activity.MainActivity
ADDED from src/main/AndroidManifest.xml:143:9-59
	android:name
		ADDED from src/main/AndroidManifest.xml:143:19-56
activity#com.example.respireapp.Activity.NoPicAcitivity
ADDED from src/main/AndroidManifest.xml:144:9-60
	android:name
		ADDED from src/main/AndroidManifest.xml:144:19-58
activity#com.example.respireapp.Activity.RegisterActivity
ADDED from src/main/AndroidManifest.xml:145:9-63
	android:name
		ADDED from src/main/AndroidManifest.xml:145:19-60
activity#com.example.respireapp.Activity.HomeActivity
ADDED from src/main/AndroidManifest.xml:146:9-59
	android:name
		ADDED from src/main/AndroidManifest.xml:146:19-56
activity#com.example.respireapp.Activity.MeActivity
ADDED from src/main/AndroidManifest.xml:147:9-57
	android:name
		ADDED from src/main/AndroidManifest.xml:147:19-54
service#com.example.respireapp.Service.LoginService
ADDED from src/main/AndroidManifest.xml:149:9-57
	android:name
		ADDED from src/main/AndroidManifest.xml:149:18-54
activity#com.example.respireapp.Activity.LoginjumpActivity
ADDED from src/main/AndroidManifest.xml:153:9-64
	android:name
		ADDED from src/main/AndroidManifest.xml:153:19-61
activity#com.example.respireapp.Activity.ProfileActivity
ADDED from src/main/AndroidManifest.xml:154:9-62
	android:name
		ADDED from src/main/AndroidManifest.xml:154:19-59
activity#com.example.respireapp.Activity.DiscoveryActivity
ADDED from src/main/AndroidManifest.xml:155:9-64
	android:name
		ADDED from src/main/AndroidManifest.xml:155:19-61
activity#com.example.respireapp.Activity.HistoryActivity
ADDED from src/main/AndroidManifest.xml:156:9-62
	android:name
		ADDED from src/main/AndroidManifest.xml:156:19-59
activity#com.example.respireapp.Activity.PageActivity
ADDED from src/main/AndroidManifest.xml:157:9-59
	android:name
		ADDED from src/main/AndroidManifest.xml:157:19-56
activity#com.example.respireapp.Activity.SuccessregActivity
ADDED from src/main/AndroidManifest.xml:158:9-65
	android:name
		ADDED from src/main/AndroidManifest.xml:158:19-62
activity#com.example.respireapp.Activity.ChangeUsernameActivity
ADDED from src/main/AndroidManifest.xml:159:9-69
	android:name
		ADDED from src/main/AndroidManifest.xml:159:19-66
activity#com.example.respireapp.Activity.ChangePasswordActivity
ADDED from src/main/AndroidManifest.xml:160:9-69
	android:name
		ADDED from src/main/AndroidManifest.xml:160:19-66
activity#com.example.respireapp.Activity.ChangePhoneActivity
ADDED from src/main/AndroidManifest.xml:161:9-66
	android:name
		ADDED from src/main/AndroidManifest.xml:161:19-63
activity#com.example.respireapp.Activity.ChangeEmailActivity
ADDED from src/main/AndroidManifest.xml:162:9-66
	android:name
		ADDED from src/main/AndroidManifest.xml:162:19-63
activity#com.example.respireapp.Activity.ChangeSexActivity
ADDED from src/main/AndroidManifest.xml:163:9-64
	android:name
		ADDED from src/main/AndroidManifest.xml:163:19-61
activity#com.example.respireapp.Activity.ChangeCityActivity
ADDED from src/main/AndroidManifest.xml:164:9-65
	android:name
		ADDED from src/main/AndroidManifest.xml:164:19-62
activity#com.example.respireapp.Activity.TodayActivity
ADDED from src/main/AndroidManifest.xml:165:9-60
	android:name
		ADDED from src/main/AndroidManifest.xml:165:19-57
activity#com.example.respireapp.Activity.PoolActivity
ADDED from src/main/AndroidManifest.xml:166:9-59
	android:name
		ADDED from src/main/AndroidManifest.xml:166:19-56
activity#com.example.respireapp.Activity.TestpicActivity
ADDED from src/main/AndroidManifest.xml:167:9-62
	android:name
		ADDED from src/main/AndroidManifest.xml:167:19-59
activity#com.example.respireapp.Activity.map.HeatMap
ADDED from src/main/AndroidManifest.xml:168:9-170:48
	android:label
		ADDED from src/main/AndroidManifest.xml:170:13-45
	android:name
		ADDED from src/main/AndroidManifest.xml:169:13-49
activity#com.example.respireapp.Activity.ItineraryActivity
ADDED from src/main/AndroidManifest.xml:171:9-64
	android:name
		ADDED from src/main/AndroidManifest.xml:171:19-61
activity#com.example.respireapp.Activity.PhotoInfoActivity
ADDED from src/main/AndroidManifest.xml:172:9-64
	android:name
		ADDED from src/main/AndroidManifest.xml:172:19-61
activity#com.example.respireapp.Activity.SearchActivity
ADDED from src/main/AndroidManifest.xml:173:9-61
	android:name
		ADDED from src/main/AndroidManifest.xml:173:19-58
activity#com.avoscloud.leanchatlib_demo.ConversationListActivity
ADDED from src/main/AndroidManifest.xml:174:9-177:70
	android:label
		ADDED from src/main/AndroidManifest.xml:176:13-45
	android:theme
		ADDED from src/main/AndroidManifest.xml:177:13-58
	android:name
		ADDED from src/main/AndroidManifest.xml:175:13-83
activity#com.avoscloud.leanchatlib.activity.AVChatActivity
ADDED from src/main/AndroidManifest.xml:178:9-86
MERGED from [Respire:leanchatlib:unspecified] AndroidManifest.xml:14:9-86
	android:name
		ADDED from src/main/AndroidManifest.xml:178:19-83
receiver#com.avos.avoscloud.AVBroadcastReceiver
ADDED from src/main/AndroidManifest.xml:180:9-185:20
	android:name
		ADDED from src/main/AndroidManifest.xml:180:19-72
intent-filter#android.intent.action.BOOT_COMPLETED+android.intent.action.USER_PRESENT
ADDED from src/main/AndroidManifest.xml:181:13-184:29
action#android.intent.action.USER_PRESENT
ADDED from src/main/AndroidManifest.xml:183:17-77
	android:name
		ADDED from src/main/AndroidManifest.xml:183:25-74
service#com.avos.avoscloud.PushService
ADDED from src/main/AndroidManifest.xml:187:9-66
	android:name
		ADDED from src/main/AndroidManifest.xml:187:18-63
activity#com.avoscloud.leanchatlib.activity.ImageBrowserActivity
ADDED from src/main/AndroidManifest.xml:189:9-92
	android:name
		ADDED from src/main/AndroidManifest.xml:189:19-89
activity#com.leancloud.im.guide.activity.AVSquareActivity
ADDED from src/main/AndroidManifest.xml:192:9-195:75
	android:launchMode
		ADDED from src/main/AndroidManifest.xml:194:13-44
	android:windowSoftInputMode
		ADDED from src/main/AndroidManifest.xml:195:13-73
	android:name
		ADDED from src/main/AndroidManifest.xml:193:13-76
activity#com.leancloud.im.guide.activity.AVSquareMembersActivity
ADDED from src/main/AndroidManifest.xml:197:9-91
	android:name
		ADDED from src/main/AndroidManifest.xml:197:19-89
activity#com.leancloud.im.guide.activity.AVSingleChatActivity
ADDED from src/main/AndroidManifest.xml:198:9-201:75
	android:launchMode
		ADDED from src/main/AndroidManifest.xml:200:13-43
	android:windowSoftInputMode
		ADDED from src/main/AndroidManifest.xml:201:13-73
	android:name
		ADDED from src/main/AndroidManifest.xml:199:13-80
receiver#com.leancloud.im.guide.NotificationBroadcastReceiver
ADDED from src/main/AndroidManifest.xml:205:9-88
	android:name
		ADDED from src/main/AndroidManifest.xml:205:19-86
activity#com.leancloud.im.guide.activity._AVSingleChatActivity
ADDED from src/main/AndroidManifest.xml:214:9-215:83
	android:name
		ADDED from src/main/AndroidManifest.xml:215:13-81
meta-data#com.google.android.gms.version
ADDED from src/main/AndroidManifest.xml:217:9-219:69
MERGED from [com.google.android.gms:play-services-basement:8.1.0] AndroidManifest.xml:21:9-23:69
	android:value
		ADDED from src/main/AndroidManifest.xml:219:13-66
	android:name
		ADDED from src/main/AndroidManifest.xml:218:13-58
activity#com.example.respireapp.Activity.SceneryInfoActivity
ADDED from src/main/AndroidManifest.xml:222:9-65
	android:name
		ADDED from src/main/AndroidManifest.xml:222:19-63
service#com.example.respireapp.Service.RecommandService
ADDED from src/main/AndroidManifest.xml:223:9-60
	android:name
		ADDED from src/main/AndroidManifest.xml:223:18-58
receiver#com.example.respireapp.Service.AlarmReceiver
ADDED from src/main/AndroidManifest.xml:224:9-58
	android:name
		ADDED from src/main/AndroidManifest.xml:224:19-56
activity#com.example.respireapp.Activity.RecommendActivity
ADDED from src/main/AndroidManifest.xml:225:9-63
	android:name
		ADDED from src/main/AndroidManifest.xml:225:19-61
service#com.baidu.location.f
ADDED from src/main/AndroidManifest.xml:227:9-232:19
	android:enabled
		ADDED from src/main/AndroidManifest.xml:229:13-35
	android:process
		ADDED from src/main/AndroidManifest.xml:230:13-38
	android:name
		ADDED from src/main/AndroidManifest.xml:228:13-48
uses-sdk
INJECTED from src/main/AndroidManifest.xml reason: use-sdk injection requested
MERGED from [com.android.support:multidex:1.0.1] AndroidManifest.xml:18:5-42
MERGED from [com.android.support:appcompat-v7:23.4.0] AndroidManifest.xml:21:5-23:78
MERGED from [com.android.support:animated-vector-drawable:23.4.0] AndroidManifest.xml:5:5-44
MERGED from [com.android.support:support-vector-drawable:23.4.0] AndroidManifest.xml:5:5-43
MERGED from [com.android.support:support-v4:23.4.0] AndroidManifest.xml:20:5-43
MERGED from [com.android.support:support-v4:23.4.0] AndroidManifest.xml:20:5-43
MERGED from [com.android.support:support-vector-drawable:23.4.0] AndroidManifest.xml:5:5-43
MERGED from [com.android.support:support-v4:23.4.0] AndroidManifest.xml:20:5-43
MERGED from [Respire:leanchatlib:unspecified] AndroidManifest.xml:7:5-9:41
MERGED from [com.android.support:multidex:1.0.1] AndroidManifest.xml:18:5-42
MERGED from [Respire:redpacketlibrary:unspecified] AndroidManifest.xml:7:5-9:41
MERGED from [com.android.support:support-v4:23.4.0] AndroidManifest.xml:20:5-43
MERGED from [cn.leancloud.android:avoscloud-push:v3.14.5] AndroidManifest.xml:7:5-9:41
MERGED from [com.android.support:support-v4:23.4.0] AndroidManifest.xml:20:5-43
MERGED from [com.android.support:appcompat-v7:23.4.0] AndroidManifest.xml:21:5-23:78
MERGED from [com.android.support:animated-vector-drawable:23.4.0] AndroidManifest.xml:5:5-44
MERGED from [com.android.support:support-vector-drawable:23.4.0] AndroidManifest.xml:5:5-43
MERGED from [com.android.support:support-v4:23.4.0] AndroidManifest.xml:20:5-43
MERGED from [com.android.support:support-v4:23.4.0] AndroidManifest.xml:20:5-43
MERGED from [com.android.support:support-vector-drawable:23.4.0] AndroidManifest.xml:5:5-43
MERGED from [com.android.support:support-v4:23.4.0] AndroidManifest.xml:20:5-43
MERGED from [com.android.support:recyclerview-v7:23.1.0] AndroidManifest.xml:20:5-43
MERGED from [com.android.support:support-v4:23.4.0] AndroidManifest.xml:20:5-43
MERGED from [com.android.support:design:22.2.0] AndroidManifest.xml:20:5-43
MERGED from [com.android.support:appcompat-v7:23.4.0] AndroidManifest.xml:21:5-23:78
MERGED from [com.android.support:animated-vector-drawable:23.4.0] AndroidManifest.xml:5:5-44
MERGED from [com.android.support:support-vector-drawable:23.4.0] AndroidManifest.xml:5:5-43
MERGED from [com.android.support:support-v4:23.4.0] AndroidManifest.xml:20:5-43
MERGED from [com.android.support:support-v4:23.4.0] AndroidManifest.xml:20:5-43
MERGED from [com.android.support:support-vector-drawable:23.4.0] AndroidManifest.xml:5:5-43
MERGED from [com.android.support:support-v4:23.4.0] AndroidManifest.xml:20:5-43
MERGED from [com.android.support:support-v4:23.4.0] AndroidManifest.xml:20:5-43
MERGED from [com.google.android.gms:play-services-appindexing:8.1.0] AndroidManifest.xml:18:5-42
MERGED from [com.google.android.gms:play-services-basement:8.1.0] AndroidManifest.xml:18:5-42
MERGED from [com.android.support:support-v4:23.4.0] AndroidManifest.xml:20:5-43
	tools:overrideLibrary
		ADDED from [com.android.support:appcompat-v7:23.4.0] AndroidManifest.xml:23:9-75
	android:targetSdkVersion
		INJECTED from src/main/AndroidManifest.xml
		INJECTED from src/main/AndroidManifest.xml
	android:minSdkVersion
		INJECTED from src/main/AndroidManifest.xml
		INJECTED from src/main/AndroidManifest.xml